<?xml version="1.0" encoding="UTF-8"?>
<testsuite xmlns:xsi="http://www.w3.org/2001/XMLSchema-instance" xsi:noNamespaceSchemaLocation="https://maven.apache.org/surefire/maven-surefire-plugin/xsd/surefire-test-report.xsd" name="com.learn.junit.CalculatorTest" time="0" tests="2" errors="0" skipped="0" failures="0">
  <properties>
    <property name="java.specification.version" value="13"/>
    <property name="sun.jnu.encoding" value="UTF-8"/>
    <property name="java.class.path" value="/Users/huangyilin/Desktop/JavaProjects/LearnJava/target/test-classes:/Users/huangyilin/Desktop/JavaProjects/LearnJava/target/classes:/Users/huangyilin/.m2/repository/mysql/mysql-connector-java/8.0.16/mysql-connector-java-8.0.16.jar:/Users/huangyilin/.m2/repository/com/google/protobuf/protobuf-java/3.6.1/protobuf-java-3.6.1.jar:/Users/huangyilin/.m2/repository/org/junit/jupiter/junit-jupiter/5.6.1/junit-jupiter-5.6.1.jar:/Users/huangyilin/.m2/repository/org/junit/jupiter/junit-jupiter-api/5.6.1/junit-jupiter-api-5.6.1.jar:/Users/huangyilin/.m2/repository/org/apiguardian/apiguardian-api/1.1.0/apiguardian-api-1.1.0.jar:/Users/huangyilin/.m2/repository/org/opentest4j/opentest4j/1.2.0/opentest4j-1.2.0.jar:/Users/huangyilin/.m2/repository/org/junit/platform/junit-platform-commons/1.6.1/junit-platform-commons-1.6.1.jar:/Users/huangyilin/.m2/repository/org/junit/jupiter/junit-jupiter-params/5.6.1/junit-jupiter-params-5.6.1.jar:/Users/huangyilin/.m2/repository/org/junit/jupiter/junit-jupiter-engine/5.6.1/junit-jupiter-engine-5.6.1.jar:/Users/huangyilin/.m2/repository/org/junit/platform/junit-platform-engine/1.6.1/junit-platform-engine-1.6.1.jar:/Users/huangyilin/.m2/repository/ch/qos/logback/logback-classic/1.2.3/logback-classic-1.2.3.jar:/Users/huangyilin/.m2/repository/ch/qos/logback/logback-core/1.2.3/logback-core-1.2.3.jar:/Users/huangyilin/.m2/repository/org/slf4j/slf4j-api/1.7.25/slf4j-api-1.7.25.jar:/Users/huangyilin/.m2/repository/commons-logging/commons-logging-api/1.1/commons-logging-api-1.1.jar:/Users/huangyilin/.m2/repository/org/apache/logging/log4j/log4j-jcl/2.13.1/log4j-jcl-2.13.1.jar:/Users/huangyilin/.m2/repository/commons-logging/commons-logging/1.2/commons-logging-1.2.jar:/Users/huangyilin/.m2/repository/org/apache/logging/log4j/log4j-api/2.13.1/log4j-api-2.13.1.jar:/Users/huangyilin/.m2/repository/org/apache/logging/log4j/log4j-core/2.13.1/log4j-core-2.13.1.jar:"/>
    <property name="java.vm.vendor" value="Oracle Corporation"/>
    <property name="sun.arch.data.model" value="64"/>
    <property name="java.vendor.url" value="https://java.oracle.com/"/>
    <property name="os.name" value="Mac OS X"/>
    <property name="java.vm.specification.version" value="13"/>
    <property name="sun.java.launcher" value="SUN_STANDARD"/>
    <property name="user.country" value="CN"/>
    <property name="sun.boot.library.path" value="/Library/Java/JavaVirtualMachines/jdk-13.0.2.jdk/Contents/Home/lib"/>
    <property name="sun.java.command" value="/Users/huangyilin/Desktop/JavaProjects/LearnJava/target/surefire/surefirebooter255055437554152262.jar /Users/huangyilin/Desktop/JavaProjects/LearnJava/target/surefire 2020-03-31T14-21-21_381-jvmRun1 surefire14005843164405919265tmp surefire_03084092522130217676tmp"/>
    <property name="http.nonProxyHosts" value="local|*.local|169.254/16|*.169.254/16"/>
    <property name="jdk.debug" value="release"/>
    <property name="surefire.test.class.path" value="/Users/huangyilin/Desktop/JavaProjects/LearnJava/target/test-classes:/Users/huangyilin/Desktop/JavaProjects/LearnJava/target/classes:/Users/huangyilin/.m2/repository/mysql/mysql-connector-java/8.0.16/mysql-connector-java-8.0.16.jar:/Users/huangyilin/.m2/repository/com/google/protobuf/protobuf-java/3.6.1/protobuf-java-3.6.1.jar:/Users/huangyilin/.m2/repository/org/junit/jupiter/junit-jupiter/5.6.1/junit-jupiter-5.6.1.jar:/Users/huangyilin/.m2/repository/org/junit/jupiter/junit-jupiter-api/5.6.1/junit-jupiter-api-5.6.1.jar:/Users/huangyilin/.m2/repository/org/apiguardian/apiguardian-api/1.1.0/apiguardian-api-1.1.0.jar:/Users/huangyilin/.m2/repository/org/opentest4j/opentest4j/1.2.0/opentest4j-1.2.0.jar:/Users/huangyilin/.m2/repository/org/junit/platform/junit-platform-commons/1.6.1/junit-platform-commons-1.6.1.jar:/Users/huangyilin/.m2/repository/org/junit/jupiter/junit-jupiter-params/5.6.1/junit-jupiter-params-5.6.1.jar:/Users/huangyilin/.m2/repository/org/junit/jupiter/junit-jupiter-engine/5.6.1/junit-jupiter-engine-5.6.1.jar:/Users/huangyilin/.m2/repository/org/junit/platform/junit-platform-engine/1.6.1/junit-platform-engine-1.6.1.jar:/Users/huangyilin/.m2/repository/ch/qos/logback/logback-classic/1.2.3/logback-classic-1.2.3.jar:/Users/huangyilin/.m2/repository/ch/qos/logback/logback-core/1.2.3/logback-core-1.2.3.jar:/Users/huangyilin/.m2/repository/org/slf4j/slf4j-api/1.7.25/slf4j-api-1.7.25.jar:/Users/huangyilin/.m2/repository/commons-logging/commons-logging-api/1.1/commons-logging-api-1.1.jar:/Users/huangyilin/.m2/repository/org/apache/logging/log4j/log4j-jcl/2.13.1/log4j-jcl-2.13.1.jar:/Users/huangyilin/.m2/repository/commons-logging/commons-logging/1.2/commons-logging-1.2.jar:/Users/huangyilin/.m2/repository/org/apache/logging/log4j/log4j-api/2.13.1/log4j-api-2.13.1.jar:/Users/huangyilin/.m2/repository/org/apache/logging/log4j/log4j-core/2.13.1/log4j-core-2.13.1.jar:"/>
    <property name="sun.cpu.endian" value="little"/>
    <property name="user.home" value="/Users/huangyilin"/>
    <property name="user.language" value="zh"/>
    <property name="java.specification.vendor" value="Oracle Corporation"/>
    <property name="java.version.date" value="2020-01-14"/>
    <property name="java.home" value="/Library/Java/JavaVirtualMachines/jdk-13.0.2.jdk/Contents/Home"/>
    <property name="file.separator" value="/"/>
    <property name="basedir" value="/Users/huangyilin/Desktop/JavaProjects/LearnJava"/>
    <property name="java.vm.compressedOopsMode" value="Zero based"/>
    <property name="line.separator" value="&#10;"/>
    <property name="java.specification.name" value="Java Platform API Specification"/>
    <property name="java.vm.specification.vendor" value="Oracle Corporation"/>
    <property name="surefire.real.class.path" value="/Users/huangyilin/Desktop/JavaProjects/LearnJava/target/surefire/surefirebooter255055437554152262.jar"/>
    <property name="user.script" value="Hans"/>
    <property name="sun.management.compiler" value="HotSpot 64-Bit Tiered Compilers"/>
    <property name="ftp.nonProxyHosts" value="local|*.local|169.254/16|*.169.254/16"/>
    <property name="java.runtime.version" value="13.0.2+8"/>
    <property name="user.name" value="huangyilin"/>
    <property name="path.separator" value=":"/>
    <property name="os.version" value="10.14.5"/>
    <property name="java.runtime.name" value="Java(TM) SE Runtime Environment"/>
    <property name="file.encoding" value="UTF-8"/>
    <property name="java.vm.name" value="Java HotSpot(TM) 64-Bit Server VM"/>
    <property name="localRepository" value="/Users/huangyilin/.m2/repository"/>
    <property name="java.vendor.url.bug" value="https://bugreport.java.com/bugreport/"/>
    <property name="java.io.tmpdir" value="/var/folders/q3/01sbwj7j50l48xzd9_fj4qlr0000gn/T/"/>
    <property name="java.version" value="13.0.2"/>
    <property name="user.dir" value="/Users/huangyilin/Desktop/JavaProjects/LearnJava"/>
    <property name="os.arch" value="x86_64"/>
    <property name="java.vm.specification.name" value="Java Virtual Machine Specification"/>
    <property name="java.library.path" value="/Users/huangyilin/Library/Java/Extensions:/Library/Java/Extensions:/Network/Library/Java/Extensions:/System/Library/Java/Extensions:/usr/lib/java:."/>
    <property name="java.vm.info" value="mixed mode, sharing"/>
    <property name="java.vendor" value="Oracle Corporation"/>
    <property name="java.vm.version" value="13.0.2+8"/>
    <property name="sun.io.unicode.encoding" value="UnicodeBig"/>
    <property name="socksNonProxyHosts" value="local|*.local|169.254/16|*.169.254/16"/>
    <property name="java.class.version" value="57.0"/>
  </properties>
  <testcase name="testAdd" classname="com.learn.junit.CalculatorTest" time="0"/>
  <testcase name="testSub" classname="com.learn.junit.CalculatorTest" time="0"/>
</testsuite>